0 info it worked if it ends with ok
1 verbose cli [ '/usr/bin/node', '/usr/bin/npm', 'run', 'test:integration' ]
2 info using npm@3.5.2
3 info using node@v8.10.0
4 verbose run-script [ 'pretest:integration',
4 verbose run-script   'test:integration',
4 verbose run-script   'posttest:integration' ]
5 info lifecycle @tokend/js-sdk@1.11.3~pretest:integration: @tokend/js-sdk@1.11.3
6 silly lifecycle @tokend/js-sdk@1.11.3~pretest:integration: no script for pretest:integration, continuing
7 info lifecycle @tokend/js-sdk@1.11.3~test:integration: @tokend/js-sdk@1.11.3
8 verbose lifecycle @tokend/js-sdk@1.11.3~test:integration: unsafe-perm in lifecycle true
9 verbose lifecycle @tokend/js-sdk@1.11.3~test:integration: PATH: /usr/share/npm/bin/node-gyp-bin:/home/viktor/new-js-sdk/node_modules/.bin:/home/viktor/new-js-sdk/node_modules/.bin:/snap/go/4901/bin:/usr/local/sbin:/usr/local/bin:/usr/sbin:/usr/bin:/sbin:/bin:/usr/games:/usr/local/games:/snap/bin:/home/viktor/go/bin
10 verbose lifecycle @tokend/js-sdk@1.11.3~test:integration: CWD: /home/viktor/new-js-sdk
11 silly lifecycle @tokend/js-sdk@1.11.3~test:integration: Args: [ '-c',
11 silly lifecycle   'mocha --timeout 10000000 --opts ./mocha.opts \'test/**/*.spec.js\'' ]
12 silly lifecycle @tokend/js-sdk@1.11.3~test:integration: Returned: code: 1  signal: null
13 info lifecycle @tokend/js-sdk@1.11.3~test:integration: Failed to exec test:integration script
14 verbose stack Error: @tokend/js-sdk@1.11.3 test:integration: `mocha --timeout 10000000 --opts ./mocha.opts 'test/**/*.spec.js'`
14 verbose stack Exit status 1
14 verbose stack     at EventEmitter.<anonymous> (/usr/share/npm/lib/utils/lifecycle.js:232:16)
14 verbose stack     at emitTwo (events.js:126:13)
14 verbose stack     at EventEmitter.emit (events.js:214:7)
14 verbose stack     at ChildProcess.<anonymous> (/usr/share/npm/lib/utils/spawn.js:24:14)
14 verbose stack     at emitTwo (events.js:126:13)
14 verbose stack     at ChildProcess.emit (events.js:214:7)
14 verbose stack     at maybeClose (internal/child_process.js:925:16)
14 verbose stack     at Process.ChildProcess._handle.onexit (internal/child_process.js:209:5)
15 verbose pkgid @tokend/js-sdk@1.11.3
16 verbose cwd /home/viktor/new-js-sdk
17 error Linux 5.0.0-37-generic
18 error argv "/usr/bin/node" "/usr/bin/npm" "run" "test:integration"
19 error node v8.10.0
20 error npm  v3.5.2
21 error code ELIFECYCLE
22 error @tokend/js-sdk@1.11.3 test:integration: `mocha --timeout 10000000 --opts ./mocha.opts 'test/**/*.spec.js'`
22 error Exit status 1
23 error Failed at the @tokend/js-sdk@1.11.3 test:integration script 'mocha --timeout 10000000 --opts ./mocha.opts 'test/**/*.spec.js''.
23 error Make sure you have the latest version of node.js and npm installed.
23 error If you do, this is most likely a problem with the @tokend/js-sdk package,
23 error not with npm itself.
23 error Tell the author that this fails on your system:
23 error     mocha --timeout 10000000 --opts ./mocha.opts 'test/**/*.spec.js'
23 error You can get information on how to open an issue for this project with:
23 error     npm bugs @tokend/js-sdk
23 error Or if that isn't available, you can get their info via:
23 error     npm owner ls @tokend/js-sdk
23 error There is likely additional logging output above.
24 verbose exit [ 1, true ]
